.                                        |  WARN  Unsupported engine: wanted: {"node":">=24.0.0"} (current: {"node":"v22.18.0","pnpm":"10.33.0"})
packages/agent-core                      |  WARN  Unsupported engine: wanted: {"node":">=24.0.0"} (current: {"node":"v22.18.0","pnpm":"10.33.0"})

> @accomplish/daemon@0.1.0 dev E:\Accomplish\accomplish_Wrapper\LOCAL\SRIM-UI\accomplish_Transformed_Chaithanya\accomplish-react_\apps\daemon
> node scripts/dev.cjs

[dev] Building daemon...
node:internal/modules/cjs/loader:1368
  throw err;
  ^

Error: Cannot find module 'E:\Accomplish\accomplish_Wrapper\LOCAL\SRIM-UI\accomplish_Transformed_Chaithanya\accomplish-react_\apps\daemon\node_modules\tsup\dist\cli-default.js'
    at Function._resolveFilename (node:internal/modules/cjs/loader:1365:15)
    at defaultResolveImpl (node:internal/modules/cjs/loader:1021:19)
    at resolveForCJSWithHooks (node:internal/modules/cjs/loader:1026:22)
    at Function._load (node:internal/modules/cjs/loader:1175:37)
    at TracingChannel.traceSync (node:diagnostics_channel:322:14)
    at wrapModuleLoad (node:internal/modules/cjs/loader:235:24)
    at Function.executeUserEntryPoint [as runMain] (node:internal/modules/run_main:171:5)
    at node:internal/main/run_main_module:36:49 {
  code: 'MODULE_NOT_FOUND',
  requireStack: []
}

Node.js v22.18.0
node:child_process:990
    throw err;
    ^

Error: Command failed: tsup
    at genericNodeError (node:internal/errors:983:15)
    at wrappedFn (node:internal/errors:537:14)
    at checkExecSyncError (node:child_process:915:11)
    at execSync (node:child_process:987:15)
    at Object.<anonymous> (E:\Accomplish\accomplish_Wrapper\LOCAL\SRIM-UI\accomplish_Transformed_Chaithanya\accomplish-react_\apps\daemon\scripts\build.cjs:9:1)
    at Module._compile (node:internal/modules/cjs/loader:1688:14)
    at Object..js (node:internal/modules/cjs/loader:1820:10)
    at Module.load (node:internal/modules/cjs/loader:1423:32)
    at Function._load (node:internal/modules/cjs/loader:1246:12)
    at TracingChannel.traceSync (node:diagnostics_channel:322:14) {
  status: 1,
  signal: null,
  output: [ null, null, null ],
  pid: 27404,
  stdout: null,
  stderr: null
}

Node.js v22.18.0
node:child_process:990
    throw err;
    ^

Error: Command failed: node scripts/build.cjs
    at genericNodeError (node:internal/errors:983:15)
    at wrappedFn (node:internal/errors:537:14)
    at checkExecSyncError (node:child_process:915:11)
    at execSync (node:child_process:987:15)
    at Object.<anonymous> (E:\Accomplish\accomplish_Wrapper\LOCAL\SRIM-UI\accomplish_Transformed_Chaithanya\accomplish-react_\apps\daemon\scripts\dev.cjs:30:1)
    at Module._compile (node:internal/modules/cjs/loader:1688:14)
    at Object..js (node:internal/modules/cjs/loader:1820:10)
    at Module.load (node:internal/modules/cjs/loader:1423:32)
    at Function._load (node:internal/modules/cjs/loader:1246:12)
    at TracingChannel.traceSync (node:diagnostics_channel:322:14) {
  status: 1,
  signal: null,
  output: [ null, null, null ],
  pid: 11292,
  stdout: null,
  stderr: null
}

Node.js v22.18.0
E:\Accomplish\accomplish_Wrapper\LOCAL\SRIM-UI\accomplish_Transformed_Chaithanya\accomplish-react_\apps\daemon:
 ERR_PNPM_RECURSIVE_RUN_FIRST_FAIL  @accomplish/daemon@0.1.0 dev: `node scripts/dev.cjs`
Exit status 1
