 WARN  Unsupported engine: wanted: {"node":">=24.0.0"} (current: {"node":"v22.18.0","pnpm":"10.33.0"})
packages/agent-core                      |  WARN  Unsupported engine: wanted: {"node":">=24.0.0"} (current: {"node":"v22.18.0","pnpm":"10.33.0"})
Scope: all 5 workspace projects
Recreating E:\Accomplish\accomplish_Wrapper\LOCAL\SRIM-UI\accomplish_Transformed_Chaithanya\accomplish-react_\node_modules
Lockfile is up to date, resolution step is skipped
Progress: resolved 1, reused 0, downloaded 0, added 0
Packages: +1287
++++++++++++++++++++++++++++++++++++++++++++++++++++++++++++++++++++++++++++++++
Progress: resolved 1287, reused 0, downloaded 0, added 0
Progress: resolved 1287, reused 0, downloaded 1, added 0
Progress: resolved 1287, reused 0, downloaded 19, added 0
Progress: resolved 1287, reused 0, downloaded 34, added 0
Progress: resolved 1287, reused 0, downloaded 45, added 0
Progress: resolved 1287, reused 0, downloaded 52, added 0
Progress: resolved 1287, reused 0, downloaded 66, added 0
Progress: resolved 1287, reused 0, downloaded 79, added 0
Progress: resolved 1287, reused 0, downloaded 90, added 0
Progress: resolved 1287, reused 0, downloaded 99, added 0
Progress: resolved 1287, reused 0, downloaded 111, added 0
Progress: resolved 1287, reused 0, downloaded 122, added 0
Progress: resolved 1287, reused 0, downloaded 133, added 0
Progress: resolved 1287, reused 0, downloaded 138, added 0
Progress: resolved 1287, reused 0, downloaded 143, added 0
Progress: resolved 1287, reused 0, downloaded 152, added 0
Progress: resolved 1287, reused 0, downloaded 158, added 0
Progress: resolved 1287, reused 0, downloaded 163, added 0
Progress: resolved 1287, reused 0, downloaded 167, added 0
Progress: resolved 1287, reused 0, downloaded 176, added 0
Progress: resolved 1287, reused 0, downloaded 179, added 0
Progress: resolved 1287, reused 0, downloaded 185, added 0
Progress: resolved 1287, reused 0, downloaded 199, added 0
Progress: resolved 1287, reused 0, downloaded 207, added 0
Progress: resolved 1287, reused 0, downloaded 216, added 0
Progress: resolved 1287, reused 0, downloaded 219, added 0
Progress: resolved 1287, reused 0, downloaded 224, added 0
Progress: resolved 1287, reused 0, downloaded 227, added 0
Progress: resolved 1287, reused 0, downloaded 231, added 0
Progress: resolved 1287, reused 0, downloaded 232, added 0
Progress: resolved 1287, reused 0, downloaded 236, added 0
Progress: resolved 1287, reused 0, downloaded 241, added 0
Progress: resolved 1287, reused 0, downloaded 245, added 0
Progress: resolved 1287, reused 0, downloaded 246, added 0
Progress: resolved 1287, reused 0, downloaded 249, added 0
Progress: resolved 1287, reused 0, downloaded 252, added 0
Progress: resolved 1287, reused 0, downloaded 256, added 0
Progress: resolved 1287, reused 0, downloaded 260, added 0
Progress: resolved 1287, reused 0, downloaded 265, added 0
Progress: resolved 1287, reused 0, downloaded 270, added 0
Progress: resolved 1287, reused 0, downloaded 274, added 0
Progress: resolved 1287, reused 0, downloaded 281, added 0
Progress: resolved 1287, reused 0, downloaded 288, added 0
Progress: resolved 1287, reused 0, downloaded 290, added 0
Progress: resolved 1287, reused 0, downloaded 299, added 0
Progress: resolved 1287, reused 0, downloaded 306, added 0
Progress: resolved 1287, reused 0, downloaded 313, added 0
Progress: resolved 1287, reused 0, downloaded 316, added 0
Progress: resolved 1287, reused 0, downloaded 322, added 0
Progress: resolved 1287, reused 0, downloaded 323, added 0
Progress: resolved 1287, reused 0, downloaded 327, added 0
Progress: resolved 1287, reused 0, downloaded 337, added 0
Progress: resolved 1287, reused 0, downloaded 348, added 0
Progress: resolved 1287, reused 0, downloaded 359, added 0
Progress: resolved 1287, reused 0, downloaded 366, added 0
Progress: resolved 1287, reused 0, downloaded 376, added 0
Progress: resolved 1287, reused 0, downloaded 382, added 0
Progress: resolved 1287, reused 0, downloaded 392, added 0
 WARN  GET https://registry.npmjs.org/acorn-jsx/-/acorn-jsx-5.3.2.tgz error (ERR_SOCKET_TIMEOUT). Will retry in 10 seconds. 2 retries left.
 WARN  GET https://registry.npmjs.org/eslint-visitor-keys/-/eslint-visitor-keys-4.2.1.tgz error (ERR_SOCKET_TIMEOUT). Will retry in 10 seconds. 2 retries left.
 WARN  GET https://registry.npmjs.org/globals/-/globals-14.0.0.tgz error (ERR_SOCKET_TIMEOUT). Will retry in 10 seconds. 2 retries left.
 WARN  GET https://registry.npmjs.org/ignore/-/ignore-5.3.2.tgz error (ERR_SOCKET_TIMEOUT). Will retry in 10 seconds. 2 retries left.
 WARN  GET https://registry.npmjs.org/import-fresh/-/import-fresh-3.3.1.tgz error (ERR_SOCKET_TIMEOUT). Will retry in 10 seconds. 2 retries left.
 WARN  GET https://registry.npmjs.org/parent-module/-/parent-module-1.0.1.tgz error (ERR_SOCKET_TIMEOUT). Will retry in 10 seconds. 2 retries left.
 WARN  GET https://registry.npmjs.org/callsites/-/callsites-3.1.0.tgz error (ERR_SOCKET_TIMEOUT). Will retry in 10 seconds. 2 retries left.
 WARN  GET https://registry.npmjs.org/resolve-from/-/resolve-from-4.0.0.tgz error (ERR_SOCKET_TIMEOUT). Will retry in 10 seconds. 2 retries left.
 WARN  GET https://registry.npmjs.org/js-yaml/-/js-yaml-4.1.1.tgz error (ERR_SOCKET_TIMEOUT). Will retry in 10 seconds. 2 retries left.
 WARN  GET https://registry.npmjs.org/argparse/-/argparse-2.0.1.tgz error (ERR_SOCKET_TIMEOUT). Will retry in 10 seconds. 2 retries left.
 WARN  GET https://registry.npmjs.org/strip-json-comments/-/strip-json-comments-3.1.1.tgz error (ERR_SOCKET_TIMEOUT). Will retry in 10 seconds. 2 retries left.
 WARN  GET https://registry.npmjs.org/@eslint/js/-/js-9.39.2.tgz error (ERR_SOCKET_TIMEOUT). Will retry in 10 seconds. 2 retries left.
 WARN  GET https://registry.npmjs.org/@eslint/plugin-kit/-/plugin-kit-0.4.1.tgz error (ERR_SOCKET_TIMEOUT). Will retry in 10 seconds. 2 retries left.
 WARN  GET https://registry.npmjs.org/levn/-/levn-0.4.1.tgz error (ERR_SOCKET_TIMEOUT). Will retry in 10 seconds. 2 retries left.
 WARN  GET https://registry.npmjs.org/prelude-ls/-/prelude-ls-1.2.1.tgz error (ERR_SOCKET_TIMEOUT). Will retry in 10 seconds. 2 retries left.
 WARN  GET https://registry.npmjs.org/type-check/-/type-check-0.4.0.tgz error (ERR_SOCKET_TIMEOUT). Will retry in 10 seconds. 2 retries left.
 WARN  GET https://registry.npmjs.org/@humanfs/node/-/node-0.16.7.tgz error (ERR_SOCKET_TIMEOUT). Will retry in 10 seconds. 2 retries left.
 WARN  GET https://registry.npmjs.org/@humanfs/core/-/core-0.19.1.tgz error (ERR_SOCKET_TIMEOUT). Will retry in 10 seconds. 2 retries left.
 WARN  GET https://registry.npmjs.org/@humanwhocodes/retry/-/retry-0.4.3.tgz error (ERR_SOCKET_TIMEOUT). Will retry in 10 seconds. 2 retries left.
 WARN  GET https://registry.npmjs.org/@humanwhocodes/module-importer/-/module-importer-1.0.1.tgz error (ERR_SOCKET_TIMEOUT). Will retry in 10 seconds. 2 retries left.
 WARN  GET https://registry.npmjs.org/@types/estree/-/estree-1.0.8.tgz error (ERR_SOCKET_TIMEOUT). Will retry in 10 seconds. 2 retries left.
 WARN  GET https://registry.npmjs.org/chalk/-/chalk-4.1.2.tgz error (ERR_SOCKET_TIMEOUT). Will retry in 10 seconds. 2 retries left.
 WARN  GET https://registry.npmjs.org/ansi-styles/-/ansi-styles-4.3.0.tgz error (ERR_SOCKET_TIMEOUT). Will retry in 10 seconds. 2 retries left.
 WARN  GET https://registry.npmjs.org/color-convert/-/color-convert-2.0.1.tgz error (ERR_SOCKET_TIMEOUT). Will retry in 10 seconds. 2 retries left.
 WARN  GET https://registry.npmjs.org/color-name/-/color-name-1.1.4.tgz error (ERR_SOCKET_TIMEOUT). Will retry in 10 seconds. 2 retries left.
 WARN  GET https://registry.npmjs.org/supports-color/-/supports-color-7.2.0.tgz error (ERR_SOCKET_TIMEOUT). Will retry in 10 seconds. 2 retries left.
 WARN  GET https://registry.npmjs.org/has-flag/-/has-flag-4.0.0.tgz error (ERR_SOCKET_TIMEOUT). Will retry in 10 seconds. 2 retries left.
 WARN  GET https://registry.npmjs.org/@eslint-community/eslint-utils/-/eslint-utils-4.9.1.tgz error (ERR_SOCKET_TIMEOUT). Will retry in 10 seconds. 2 retries left.
 WARN  GET https://registry.npmjs.org/path-key/-/path-key-3.1.1.tgz error (ERR_SOCKET_TIMEOUT). Will retry in 10 seconds. 2 retries left.
 WARN  GET https://registry.npmjs.org/shebang-command/-/shebang-command-2.0.0.tgz error (ERR_SOCKET_TIMEOUT). Will retry in 10 seconds. 2 retries left.
 WARN  GET https://registry.npmjs.org/shebang-regex/-/shebang-regex-3.0.0.tgz error (ERR_SOCKET_TIMEOUT). Will retry in 10 seconds. 2 retries left.
 WARN  GET https://registry.npmjs.org/which/-/which-2.0.2.tgz error (ERR_SOCKET_TIMEOUT). Will retry in 10 seconds. 2 retries left.
 WARN  GET https://registry.npmjs.org/isexe/-/isexe-2.0.0.tgz error (ERR_SOCKET_TIMEOUT). Will retry in 10 seconds. 2 retries left.
 WARN  GET https://registry.npmjs.org/escape-string-regexp/-/escape-string-regexp-4.0.0.tgz error (ERR_SOCKET_TIMEOUT). Will retry in 10 seconds. 2 retries left.
 WARN  GET https://registry.npmjs.org/eslint-scope/-/eslint-scope-8.4.0.tgz error (ERR_SOCKET_TIMEOUT). Will retry in 10 seconds. 2 retries left.
 WARN  GET https://registry.npmjs.org/esrecurse/-/esrecurse-4.3.0.tgz error (ERR_SOCKET_TIMEOUT). Will retry in 10 seconds. 2 retries left.
 WARN  GET https://registry.npmjs.org/estraverse/-/estraverse-5.3.0.tgz error (ERR_SOCKET_TIMEOUT). Will retry in 10 seconds. 2 retries left.
 WARN  GET https://registry.npmjs.org/esquery/-/esquery-1.7.0.tgz error (ERR_SOCKET_TIMEOUT). Will retry in 10 seconds. 2 retries left.
 WARN  GET https://registry.npmjs.org/esutils/-/esutils-2.0.3.tgz error (ERR_SOCKET_TIMEOUT). Will retry in 10 seconds. 2 retries left.
 WARN  GET https://registry.npmjs.org/file-entry-cache/-/file-entry-cache-8.0.0.tgz error (ERR_SOCKET_TIMEOUT). Will retry in 10 seconds. 2 retries left.
 WARN  GET https://registry.npmjs.org/flat-cache/-/flat-cache-4.0.1.tgz error (ERR_SOCKET_TIMEOUT). Will retry in 10 seconds. 2 retries left.
 WARN  GET https://registry.npmjs.org/flatted/-/flatted-3.4.2.tgz error (ERR_SOCKET_TIMEOUT). Will retry in 10 seconds. 2 retries left.
 WARN  GET https://registry.npmjs.org/keyv/-/keyv-4.5.4.tgz error (ERR_SOCKET_TIMEOUT). Will retry in 10 seconds. 2 retries left.
 WARN  GET https://registry.npmjs.org/json-buffer/-/json-buffer-3.0.1.tgz error (ERR_SOCKET_TIMEOUT). Will retry in 10 seconds. 2 retries left.
 WARN  GET https://registry.npmjs.org/find-up/-/find-up-5.0.0.tgz error (ERR_SOCKET_TIMEOUT). Will retry in 10 seconds. 2 retries left.
 WARN  GET https://registry.npmjs.org/locate-path/-/locate-path-6.0.0.tgz error (ERR_SOCKET_TIMEOUT). Will retry in 10 seconds. 2 retries left.
 WARN  GET https://registry.npmjs.org/p-locate/-/p-locate-5.0.0.tgz error (ERR_SOCKET_TIMEOUT). Will retry in 10 seconds. 2 retries left.
 WARN  GET https://registry.npmjs.org/p-limit/-/p-limit-3.1.0.tgz error (ERR_SOCKET_TIMEOUT). Will retry in 10 seconds. 2 retries left.
Progress: resolved 1287, reused 0, downloaded 400, added 0
Progress: resolved 1287, reused 0, downloaded 411, added 0
Progress: resolved 1287, reused 0, downloaded 413, added 0
Progress: resolved 1287, reused 0, downloaded 414, added 0
Progress: resolved 1287, reused 0, downloaded 422, added 0
Progress: resolved 1287, reused 0, downloaded 426, added 0
Progress: resolved 1287, reused 0, downloaded 435, added 0
Progress: resolved 1287, reused 0, downloaded 441, added 0
Progress: resolved 1287, reused 0, downloaded 442, added 0
Progress: resolved 1287, reused 0, downloaded 443, added 0
Progress: resolved 1287, reused 0, downloaded 451, added 0
Progress: resolved 1287, reused 0, downloaded 457, added 0
Progress: resolved 1287, reused 0, downloaded 461, added 0
Progress: resolved 1287, reused 0, downloaded 467, added 0
Progress: resolved 1287, reused 0, downloaded 469, added 0
Progress: resolved 1287, reused 0, downloaded 476, added 0
 WARN  GET https://codeload.github.com/whiskeysockets/libsignal-node/tar.gz/1c30d7d7e76a3b0aa120b04dc6a26f5a12dccf67 error (ERR_SOCKET_TIMEOUT). Will retry in 10 seconds. 2 retries left.
 WARN  Tarball download average speed 1 KiB/s (size 44 KiB) is below 50 KiB/s: https://registry.npmjs.org/@vitest/utils/-/utils-4.1.4.tgz (GET)
Progress: resolved 1287, reused 0, downloaded 538, added 3
Progress: resolved 1287, reused 0, downloaded 549, added 3
Progress: resolved 1287, reused 0, downloaded 553, added 3
Progress: resolved 1287, reused 0, downloaded 556, added 4
Progress: resolved 1287, reused 0, downloaded 557, added 4
Progress: resolved 1287, reused 0, downloaded 558, added 4
Progress: resolved 1287, reused 0, downloaded 562, added 4
Progress: resolved 1287, reused 0, downloaded 564, added 5
Progress: resolved 1287, reused 0, downloaded 568, added 5
Progress: resolved 1287, reused 0, downloaded 573, added 5
Progress: resolved 1287, reused 0, downloaded 575, added 5
Progress: resolved 1287, reused 0, downloaded 584, added 6
Progress: resolved 1287, reused 0, downloaded 590, added 6
Progress: resolved 1287, reused 0, downloaded 591, added 6
Progress: resolved 1287, reused 0, downloaded 595, added 6
Progress: resolved 1287, reused 0, downloaded 598, added 6
Progress: resolved 1287, reused 0, downloaded 611, added 7
Progress: resolved 1287, reused 0, downloaded 618, added 7
Progress: resolved 1287, reused 0, downloaded 623, added 7
Progress: resolved 1287, reused 0, downloaded 629, added 7
Progress: resolved 1287, reused 0, downloaded 640, added 7
Progress: resolved 1287, reused 0, downloaded 643, added 8
Progress: resolved 1287, reused 0, downloaded 647, added 10
Progress: resolved 1287, reused 0, downloaded 650, added 10
Progress: resolved 1287, reused 0, downloaded 652, added 10
Progress: resolved 1287, reused 0, downloaded 654, added 10
Progress: resolved 1287, reused 0, downloaded 658, added 10
Progress: resolved 1287, reused 0, downloaded 662, added 10
Progress: resolved 1287, reused 0, downloaded 664, added 10
Progress: resolved 1287, reused 0, downloaded 666, added 10
Progress: resolved 1287, reused 0, downloaded 668, added 10
Progress: resolved 1287, reused 0, downloaded 669, added 10
Progress: resolved 1287, reused 0, downloaded 670, added 10
Progress: resolved 1287, reused 0, downloaded 671, added 10
Progress: resolved 1287, reused 0, downloaded 672, added 10
Progress: resolved 1287, reused 0, downloaded 673, added 10
Progress: resolved 1287, reused 0, downloaded 674, added 10
Progress: resolved 1287, reused 0, downloaded 675, added 10
Progress: resolved 1287, reused 0, downloaded 676, added 10
Progress: resolved 1287, reused 0, downloaded 676, added 11
Progress: resolved 1287, reused 0, downloaded 677, added 11
Progress: resolved 1287, reused 0, downloaded 678, added 11
Progress: resolved 1287, reused 0, downloaded 679, added 11
Progress: resolved 1287, reused 0, downloaded 679, added 12
Progress: resolved 1287, reused 0, downloaded 680, added 12
Progress: resolved 1287, reused 0, downloaded 681, added 12
Progress: resolved 1287, reused 0, downloaded 683, added 12
Progress: resolved 1287, reused 0, downloaded 685, added 12
Progress: resolved 1287, reused 0, downloaded 686, added 12
Progress: resolved 1287, reused 0, downloaded 687, added 12
Progress: resolved 1287, reused 0, downloaded 688, added 12
Progress: resolved 1287, reused 0, downloaded 690, added 13
Progress: resolved 1287, reused 0, downloaded 692, added 14
Progress: resolved 1287, reused 0, downloaded 694, added 14
Progress: resolved 1287, reused 0, downloaded 695, added 14
Progress: resolved 1287, reused 0, downloaded 697, added 14
Progress: resolved 1287, reused 0, downloaded 702, added 14
Progress: resolved 1287, reused 0, downloaded 703, added 14
Progress: resolved 1287, reused 0, downloaded 710, added 14
Progress: resolved 1287, reused 0, downloaded 716, added 14
Progress: resolved 1287, reused 0, downloaded 719, added 14
Progress: resolved 1287, reused 0, downloaded 720, added 14
Progress: resolved 1287, reused 0, downloaded 723, added 14
Progress: resolved 1287, reused 0, downloaded 724, added 14
Progress: resolved 1287, reused 0, downloaded 725, added 14
Progress: resolved 1287, reused 0, downloaded 726, added 14
Progress: resolved 1287, reused 0, downloaded 728, added 14
Progress: resolved 1287, reused 0, downloaded 731, added 14
Progress: resolved 1287, reused 0, downloaded 733, added 14
Progress: resolved 1287, reused 0, downloaded 735, added 14
Progress: resolved 1287, reused 0, downloaded 738, added 14
Progress: resolved 1287, reused 0, downloaded 743, added 16
Progress: resolved 1287, reused 0, downloaded 752, added 17
Progress: resolved 1287, reused 0, downloaded 770, added 17
Progress: resolved 1287, reused 0, downloaded 785, added 17
Progress: resolved 1287, reused 0, downloaded 789, added 17
Progress: resolved 1287, reused 0, downloaded 792, added 18
Progress: resolved 1287, reused 0, downloaded 801, added 19
Progress: resolved 1287, reused 0, downloaded 804, added 19
Progress: resolved 1287, reused 0, downloaded 806, added 20
Progress: resolved 1287, reused 0, downloaded 809, added 20
Progress: resolved 1287, reused 0, downloaded 813, added 20
Progress: resolved 1287, reused 0, downloaded 825, added 20
Progress: resolved 1287, reused 0, downloaded 838, added 20
Progress: resolved 1287, reused 0, downloaded 846, added 20
Progress: resolved 1287, reused 0, downloaded 851, added 20
Progress: resolved 1287, reused 0, downloaded 856, added 20
Progress: resolved 1287, reused 0, downloaded 862, added 22
Progress: resolved 1287, reused 0, downloaded 862, added 24
Progress: resolved 1287, reused 0, downloaded 868, added 24
Progress: resolved 1287, reused 0, downloaded 879, added 24
Progress: resolved 1287, reused 0, downloaded 890, added 24
Progress: resolved 1287, reused 0, downloaded 902, added 24
Progress: resolved 1287, reused 0, downloaded 912, added 24
Progress: resolved 1287, reused 0, downloaded 920, added 24
Progress: resolved 1287, reused 0, downloaded 931, added 28
Progress: resolved 1287, reused 0, downloaded 943, added 28
Progress: resolved 1287, reused 0, downloaded 952, added 30
Progress: resolved 1287, reused 0, downloaded 956, added 30
Progress: resolved 1287, reused 0, downloaded 972, added 32
Progress: resolved 1287, reused 0, downloaded 985, added 32
Progress: resolved 1287, reused 0, downloaded 995, added 32
Progress: resolved 1287, reused 0, downloaded 1004, added 34
Progress: resolved 1287, reused 0, downloaded 1014, added 36
Progress: resolved 1287, reused 0, downloaded 1026, added 36
Progress: resolved 1287, reused 0, downloaded 1031, added 36
Progress: resolved 1287, reused 0, downloaded 1038, added 36
Progress: resolved 1287, reused 0, downloaded 1047, added 36
Progress: resolved 1287, reused 0, downloaded 1059, added 37
Progress: resolved 1287, reused 0, downloaded 1065, added 39
Progress: resolved 1287, reused 0, downloaded 1076, added 39
Progress: resolved 1287, reused 0, downloaded 1083, added 39
Progress: resolved 1287, reused 0, downloaded 1088, added 39
Progress: resolved 1287, reused 0, downloaded 1091, added 40
Progress: resolved 1287, reused 0, downloaded 1100, added 41
Progress: resolved 1287, reused 0, downloaded 1110, added 41
Progress: resolved 1287, reused 0, downloaded 1120, added 41
Progress: resolved 1287, reused 0, downloaded 1132, added 42
Progress: resolved 1287, reused 0, downloaded 1147, added 43
Progress: resolved 1287, reused 0, downloaded 1149, added 45
Progress: resolved 1287, reused 0, downloaded 1160, added 45
Progress: resolved 1287, reused 0, downloaded 1172, added 45
Progress: resolved 1287, reused 0, downloaded 1185, added 45
Progress: resolved 1287, reused 0, downloaded 1193, added 45
Progress: resolved 1287, reused 0, downloaded 1201, added 45
Progress: resolved 1287, reused 0, downloaded 1206, added 45
Progress: resolved 1287, reused 0, downloaded 1223, added 47
Progress: resolved 1287, reused 0, downloaded 1231, added 48
Progress: resolved 1287, reused 0, downloaded 1234, added 48
Progress: resolved 1287, reused 0, downloaded 1242, added 48
Progress: resolved 1287, reused 0, downloaded 1250, added 48
Progress: resolved 1287, reused 0, downloaded 1256, added 48
Progress: resolved 1287, reused 0, downloaded 1263, added 48
Progress: resolved 1287, reused 0, downloaded 1267, added 48
Progress: resolved 1287, reused 0, downloaded 1269, added 48
Progress: resolved 1287, reused 0, downloaded 1273, added 49
Progress: resolved 1287, reused 0, downloaded 1276, added 51
Progress: resolved 1287, reused 0, downloaded 1277, added 51
Progress: resolved 1287, reused 0, downloaded 1278, added 51
Progress: resolved 1287, reused 0, downloaded 1278, added 52
Progress: resolved 1287, reused 0, downloaded 1279, added 54
Progress: resolved 1287, reused 0, downloaded 1279, added 55
Progress: resolved 1287, reused 0, downloaded 1279, added 57
Progress: resolved 1287, reused 0, downloaded 1280, added 57
Progress: resolved 1287, reused 0, downloaded 1280, added 58
Progress: resolved 1287, reused 0, downloaded 1280, added 60
Progress: resolved 1287, reused 0, downloaded 1280, added 61
Progress: resolved 1287, reused 0, downloaded 1280, added 62
Progress: resolved 1287, reused 0, downloaded 1280, added 63
Progress: resolved 1287, reused 0, downloaded 1280, added 65
Progress: resolved 1287, reused 0, downloaded 1280, added 66
Progress: resolved 1287, reused 0, downloaded 1280, added 67
Progress: resolved 1287, reused 0, downloaded 1281, added 67
Progress: resolved 1287, reused 0, downloaded 1281, added 68
Progress: resolved 1287, reused 0, downloaded 1281, added 69
Progress: resolved 1287, reused 0, downloaded 1281, added 70
Progress: resolved 1287, reused 0, downloaded 1281, added 71
Progress: resolved 1287, reused 0, downloaded 1281, added 72
Progress: resolved 1287, reused 0, downloaded 1281, added 73
Progress: resolved 1287, reused 0, downloaded 1281, added 74
Progress: resolved 1287, reused 0, downloaded 1281, added 75
Progress: resolved 1287, reused 0, downloaded 1281, added 77
Progress: resolved 1287, reused 0, downloaded 1281, added 78
Progress: resolved 1287, reused 0, downloaded 1281, added 79
Progress: resolved 1287, reused 0, downloaded 1281, added 80
Progress: resolved 1287, reused 0, downloaded 1281, added 82
Progress: resolved 1287, reused 0, downloaded 1281, added 83
Progress: resolved 1287, reused 0, downloaded 1281, added 84
Progress: resolved 1287, reused 0, downloaded 1281, added 85
Progress: resolved 1287, reused 0, downloaded 1282, added 87
Progress: resolved 1287, reused 0, downloaded 1282, added 88
Progress: resolved 1287, reused 0, downloaded 1282, added 90
Progress: resolved 1287, reused 0, downloaded 1282, added 91
Progress: resolved 1287, reused 0, downloaded 1282, added 93
Progress: resolved 1287, reused 0, downloaded 1282, added 94
Progress: resolved 1287, reused 0, downloaded 1282, added 95
Progress: resolved 1287, reused 0, downloaded 1282, added 96
Progress: resolved 1287, reused 0, downloaded 1282, added 97
Progress: resolved 1287, reused 0, downloaded 1282, added 98
Progress: resolved 1287, reused 0, downloaded 1282, added 99
Progress: resolved 1287, reused 0, downloaded 1282, added 101
Progress: resolved 1287, reused 0, downloaded 1282, added 102
Progress: resolved 1287, reused 0, downloaded 1282, added 103
Progress: resolved 1287, reused 0, downloaded 1282, added 104
Progress: resolved 1287, reused 0, downloaded 1282, added 106
Progress: resolved 1287, reused 0, downloaded 1282, added 107
Progress: resolved 1287, reused 0, downloaded 1282, added 108
Progress: resolved 1287, reused 0, downloaded 1282, added 109
Progress: resolved 1287, reused 0, downloaded 1282, added 110
Progress: resolved 1287, reused 0, downloaded 1282, added 111
Progress: resolved 1287, reused 0, downloaded 1282, added 112
Progress: resolved 1287, reused 0, downloaded 1282, added 113
Progress: resolved 1287, reused 0, downloaded 1282, added 114
Progress: resolved 1287, reused 0, downloaded 1282, added 116
Progress: resolved 1287, reused 0, downloaded 1282, added 117
Progress: resolved 1287, reused 0, downloaded 1282, added 118
Progress: resolved 1287, reused 0, downloaded 1282, added 119
Progress: resolved 1287, reused 0, downloaded 1282, added 121
Progress: resolved 1287, reused 0, downloaded 1282, added 122
Progress: resolved 1287, reused 0, downloaded 1282, added 124
Progress: resolved 1287, reused 0, downloaded 1282, added 125
Progress: resolved 1287, reused 0, downloaded 1282, added 126
Progress: resolved 1287, reused 0, downloaded 1282, added 127
Progress: resolved 1287, reused 0, downloaded 1282, added 128
Progress: resolved 1287, reused 0, downloaded 1282, added 130
Progress: resolved 1287, reused 0, downloaded 1283, added 131
Progress: resolved 1287, reused 0, downloaded 1283, added 134
Progress: resolved 1287, reused 0, downloaded 1283, added 137
Progress: resolved 1287, reused 0, downloaded 1283, added 138
Progress: resolved 1287, reused 0, downloaded 1283, added 141
Progress: resolved 1287, reused 0, downloaded 1283, added 142
Progress: resolved 1287, reused 0, downloaded 1283, added 143
Progress: resolved 1287, reused 0, downloaded 1284, added 143
Progress: resolved 1287, reused 0, downloaded 1284, added 144
Progress: resolved 1287, reused 0, downloaded 1284, added 145
Progress: resolved 1287, reused 0, downloaded 1284, added 146
Progress: resolved 1287, reused 0, downloaded 1284, added 147
Progress: resolved 1287, reused 0, downloaded 1284, added 149
Progress: resolved 1287, reused 0, downloaded 1284, added 150
Progress: resolved 1287, reused 0, downloaded 1284, added 151
Progress: resolved 1287, reused 0, downloaded 1284, added 152
Progress: resolved 1287, reused 0, downloaded 1284, added 153
Progress: resolved 1287, reused 0, downloaded 1284, added 154
Progress: resolved 1287, reused 0, downloaded 1284, added 155
Progress: resolved 1287, reused 0, downloaded 1284, added 157
Progress: resolved 1287, reused 0, downloaded 1284, added 158
Progress: resolved 1287, reused 0, downloaded 1284, added 159
Progress: resolved 1287, reused 0, downloaded 1284, added 160
Progress: resolved 1287, reused 0, downloaded 1284, added 161
Progress: resolved 1287, reused 0, downloaded 1284, added 162
Progress: resolved 1287, reused 0, downloaded 1284, added 163
Progress: resolved 1287, reused 0, downloaded 1284, added 164
Progress: resolved 1287, reused 0, downloaded 1284, added 165
Progress: resolved 1287, reused 0, downloaded 1284, added 166
Progress: resolved 1287, reused 0, downloaded 1284, added 167
Progress: resolved 1287, reused 0, downloaded 1284, added 168
Progress: resolved 1287, reused 0, downloaded 1284, added 169
Progress: resolved 1287, reused 0, downloaded 1284, added 170
Progress: resolved 1287, reused 0, downloaded 1284, added 171
Progress: resolved 1287, reused 0, downloaded 1284, added 172
Progress: resolved 1287, reused 0, downloaded 1284, added 173
Progress: resolved 1287, reused 0, downloaded 1284, added 174
Progress: resolved 1287, reused 0, downloaded 1284, added 176
Progress: resolved 1287, reused 0, downloaded 1284, added 180
Progress: resolved 1287, reused 0, downloaded 1284, added 182
Progress: resolved 1287, reused 0, downloaded 1284, added 186
Progress: resolved 1287, reused 0, downloaded 1284, added 188
Progress: resolved 1287, reused 0, downloaded 1284, added 189
Progress: resolved 1287, reused 0, downloaded 1284, added 190
Progress: resolved 1287, reused 0, downloaded 1284, added 191
Progress: resolved 1287, reused 0, downloaded 1284, added 192
Progress: resolved 1287, reused 0, downloaded 1284, added 193
Progress: resolved 1287, reused 0, downloaded 1284, added 194
Progress: resolved 1287, reused 0, downloaded 1284, added 195
Progress: resolved 1287, reused 0, downloaded 1284, added 196
Progress: resolved 1287, reused 0, downloaded 1284, added 197
Progress: resolved 1287, reused 0, downloaded 1284, added 198
Progress: resolved 1287, reused 0, downloaded 1284, added 199
Progress: resolved 1287, reused 0, downloaded 1284, added 200
Progress: resolved 1287, reused 0, downloaded 1284, added 201
Progress: resolved 1287, reused 0, downloaded 1284, added 202
Progress: resolved 1287, reused 0, downloaded 1284, added 203
Progress: resolved 1287, reused 0, downloaded 1284, added 204
Progress: resolved 1287, reused 0, downloaded 1284, added 205
Progress: resolved 1287, reused 0, downloaded 1284, added 207
Progress: resolved 1287, reused 0, downloaded 1284, added 209
Progress: resolved 1287, reused 0, downloaded 1284, added 213
Progress: resolved 1287, reused 0, downloaded 1284, added 215
Progress: resolved 1287, reused 0, downloaded 1284, added 219
Progress: resolved 1287, reused 0, downloaded 1284, added 222
Progress: resolved 1287, reused 0, downloaded 1284, added 223
Progress: resolved 1287, reused 0, downloaded 1284, added 224
Progress: resolved 1287, reused 0, downloaded 1284, added 226
Progress: resolved 1287, reused 0, downloaded 1284, added 228
Progress: resolved 1287, reused 0, downloaded 1284, added 230
Progress: resolved 1287, reused 0, downloaded 1284, added 231
Progress: resolved 1287, reused 0, downloaded 1284, added 232
Progress: resolved 1287, reused 0, downloaded 1284, added 233
Progress: resolved 1287, reused 0, downloaded 1284, added 234
Progress: resolved 1287, reused 0, downloaded 1284, added 235
Progress: resolved 1287, reused 0, downloaded 1284, added 236
Progress: resolved 1287, reused 0, downloaded 1284, added 237
Progress: resolved 1287, reused 0, downloaded 1284, added 238
Progress: resolved 1287, reused 0, downloaded 1284, added 239
Progress: resolved 1287, reused 0, downloaded 1284, added 240
Progress: resolved 1287, reused 0, downloaded 1284, added 241
Progress: resolved 1287, reused 0, downloaded 1284, added 242
Progress: resolved 1287, reused 0, downloaded 1284, added 243
Progress: resolved 1287, reused 0, downloaded 1284, added 244
Progress: resolved 1287, reused 0, downloaded 1284, added 245
Progress: resolved 1287, reused 0, downloaded 1284, added 246
Progress: resolved 1287, reused 0, downloaded 1284, added 247
Progress: resolved 1287, reused 0, downloaded 1284, added 249
Progress: resolved 1287, reused 0, downloaded 1284, added 252
Progress: resolved 1287, reused 0, downloaded 1284, added 253
Progress: resolved 1287, reused 0, downloaded 1284, added 254
Progress: resolved 1287, reused 0, downloaded 1284, added 255
Progress: resolved 1287, reused 0, downloaded 1284, added 256
Progress: resolved 1287, reused 0, downloaded 1284, added 257
Progress: resolved 1287, reused 0, downloaded 1284, added 259
Progress: resolved 1287, reused 0, downloaded 1284, added 260
Progress: resolved 1287, reused 0, downloaded 1284, added 261
Progress: resolved 1287, reused 0, downloaded 1284, added 262
Progress: resolved 1287, reused 0, downloaded 1284, added 265
Progress: resolved 1287, reused 0, downloaded 1284, added 266
Progress: resolved 1287, reused 0, downloaded 1284, added 271
Progress: resolved 1287, reused 0, downloaded 1284, added 274
Progress: resolved 1287, reused 0, downloaded 1284, added 275
Progress: resolved 1287, reused 0, downloaded 1284, added 278
Progress: resolved 1287, reused 0, downloaded 1284, added 280
Progress: resolved 1287, reused 0, downloaded 1284, added 281
Progress: resolved 1287, reused 0, downloaded 1284, added 282
Progress: resolved 1287, reused 0, downloaded 1284, added 287
Progress: resolved 1287, reused 0, downloaded 1284, added 289
Progress: resolved 1287, reused 0, downloaded 1284, added 291
Progress: resolved 1287, reused 0, downloaded 1284, added 293
Progress: resolved 1287, reused 0, downloaded 1284, added 297
Progress: resolved 1287, reused 0, downloaded 1284, added 299
Progress: resolved 1287, reused 0, downloaded 1284, added 301
Progress: resolved 1287, reused 0, downloaded 1284, added 302
Progress: resolved 1287, reused 0, downloaded 1284, added 304
Progress: resolved 1287, reused 0, downloaded 1284, added 305
Progress: resolved 1287, reused 0, downloaded 1284, added 306
Progress: resolved 1287, reused 0, downloaded 1284, added 307
Progress: resolved 1287, reused 0, downloaded 1284, added 310
Progress: resolved 1287, reused 0, downloaded 1284, added 312
Progress: resolved 1287, reused 0, downloaded 1284, added 314
Progress: resolved 1287, reused 0, downloaded 1284, added 316
Progress: resolved 1287, reused 0, downloaded 1284, added 317
Progress: resolved 1287, reused 0, downloaded 1284, added 320
Progress: resolved 1287, reused 0, downloaded 1284, added 321
Progress: resolved 1287, reused 0, downloaded 1284, added 322
Progress: resolved 1287, reused 0, downloaded 1284, added 324
Progress: resolved 1287, reused 0, downloaded 1284, added 326
Progress: resolved 1287, reused 0, downloaded 1284, added 327
Progress: resolved 1287, reused 0, downloaded 1284, added 331
Progress: resolved 1287, reused 0, downloaded 1284, added 332
Progress: resolved 1287, reused 0, downloaded 1284, added 333
Progress: resolved 1287, reused 0, downloaded 1284, added 334
Progress: resolved 1287, reused 0, downloaded 1284, added 335
Progress: resolved 1287, reused 0, downloaded 1284, added 336
Progress: resolved 1287, reused 0, downloaded 1284, added 338
Progress: resolved 1287, reused 0, downloaded 1284, added 339
Progress: resolved 1287, reused 0, downloaded 1284, added 340
Progress: resolved 1287, reused 0, downloaded 1284, added 341
Progress: resolved 1287, reused 0, downloaded 1284, added 344
Progress: resolved 1287, reused 0, downloaded 1284, added 348
Progress: resolved 1287, reused 0, downloaded 1284, added 351
Progress: resolved 1287, reused 0, downloaded 1284, added 356
Progress: resolved 1287, reused 0, downloaded 1284, added 363
Progress: resolved 1287, reused 0, downloaded 1284, added 366
Progress: resolved 1287, reused 0, downloaded 1284, added 371
Progress: resolved 1287, reused 0, downloaded 1284, added 377
Progress: resolved 1287, reused 0, downloaded 1284, added 379
Progress: resolved 1287, reused 0, downloaded 1284, added 383
Progress: resolved 1287, reused 0, downloaded 1284, added 386
Progress: resolved 1287, reused 0, downloaded 1284, added 387
Progress: resolved 1287, reused 0, downloaded 1284, added 389
Progress: resolved 1287, reused 0, downloaded 1284, added 392
Progress: resolved 1287, reused 0, downloaded 1284, added 394
Progress: resolved 1287, reused 0, downloaded 1284, added 397
Progress: resolved 1287, reused 0, downloaded 1284, added 399
Progress: resolved 1287, reused 0, downloaded 1284, added 400
Progress: resolved 1287, reused 0, downloaded 1284, added 403
Progress: resolved 1287, reused 0, downloaded 1284, added 406
Progress: resolved 1287, reused 0, downloaded 1284, added 407
Progress: resolved 1287, reused 0, downloaded 1284, added 410
Progress: resolved 1287, reused 0, downloaded 1284, added 411
Progress: resolved 1287, reused 0, downloaded 1284, added 414
Progress: resolved 1287, reused 0, downloaded 1284, added 417
Progress: resolved 1287, reused 0, downloaded 1284, added 422
Progress: resolved 1287, reused 0, downloaded 1284, added 425
Progress: resolved 1287, reused 0, downloaded 1284, added 426
Progress: resolved 1287, reused 0, downloaded 1284, added 428
Progress: resolved 1287, reused 0, downloaded 1284, added 429
Progress: resolved 1287, reused 0, downloaded 1284, added 430
Progress: resolved 1287, reused 0, downloaded 1284, added 431
Progress: resolved 1287, reused 0, downloaded 1284, added 432
Progress: resolved 1287, reused 0, downloaded 1284, added 433
Progress: resolved 1287, reused 0, downloaded 1284, added 436
Progress: resolved 1287, reused 0, downloaded 1284, added 439
Progress: resolved 1287, reused 0, downloaded 1284, added 442
Progress: resolved 1287, reused 0, downloaded 1284, added 445
Progress: resolved 1287, reused 0, downloaded 1284, added 448
Progress: resolved 1287, reused 0, downloaded 1284, added 450
Progress: resolved 1287, reused 0, downloaded 1284, added 454
Progress: resolved 1287, reused 0, downloaded 1284, added 457
Progress: resolved 1287, reused 0, downloaded 1284, added 460
Progress: resolved 1287, reused 0, downloaded 1284, added 461
Progress: resolved 1287, reused 0, downloaded 1284, added 464
Progress: resolved 1287, reused 0, downloaded 1284, added 468
Progress: resolved 1287, reused 0, downloaded 1284, added 469
Progress: resolved 1287, reused 0, downloaded 1284, added 471
Progress: resolved 1287, reused 0, downloaded 1284, added 473
Progress: resolved 1287, reused 0, downloaded 1284, added 476
Progress: resolved 1287, reused 0, downloaded 1284, added 480
Progress: resolved 1287, reused 0, downloaded 1284, added 481
Progress: resolved 1287, reused 0, downloaded 1284, added 482
Progress: resolved 1287, reused 0, downloaded 1284, added 483
Progress: resolved 1287, reused 0, downloaded 1284, added 485
Progress: resolved 1287, reused 0, downloaded 1284, added 486
Progress: resolved 1287, reused 0, downloaded 1284, added 487
Progress: resolved 1287, reused 0, downloaded 1284, added 488
Progress: resolved 1287, reused 0, downloaded 1284, added 489
Progress: resolved 1287, reused 0, downloaded 1284, added 491
Progress: resolved 1287, reused 0, downloaded 1284, added 492
Progress: resolved 1287, reused 0, downloaded 1284, added 493
Progress: resolved 1287, reused 0, downloaded 1284, added 494
Progress: resolved 1287, reused 0, downloaded 1284, added 495
Progress: resolved 1287, reused 0, downloaded 1284, added 496
Progress: resolved 1287, reused 0, downloaded 1284, added 497
Progress: resolved 1287, reused 0, downloaded 1284, added 498
Progress: resolved 1287, reused 0, downloaded 1284, added 499
Progress: resolved 1287, reused 0, downloaded 1284, added 500
Progress: resolved 1287, reused 0, downloaded 1284, added 501
Progress: resolved 1287, reused 0, downloaded 1284, added 502
Progress: resolved 1287, reused 0, downloaded 1284, added 503
Progress: resolved 1287, reused 0, downloaded 1284, added 504
Progress: resolved 1287, reused 0, downloaded 1284, added 505
Progress: resolved 1287, reused 0, downloaded 1284, added 506
Progress: resolved 1287, reused 0, downloaded 1284, added 507
Progress: resolved 1287, reused 0, downloaded 1284, added 508
Progress: resolved 1287, reused 0, downloaded 1284, added 509
Progress: resolved 1287, reused 0, downloaded 1284, added 510
Progress: resolved 1287, reused 0, downloaded 1284, added 511
Progress: resolved 1287, reused 0, downloaded 1284, added 512
Progress: resolved 1287, reused 0, downloaded 1284, added 513
Progress: resolved 1287, reused 0, downloaded 1284, added 514
Progress: resolved 1287, reused 0, downloaded 1284, added 516
Progress: resolved 1287, reused 0, downloaded 1284, added 517
Progress: resolved 1287, reused 0, downloaded 1284, added 519
Progress: resolved 1287, reused 0, downloaded 1284, added 520
Progress: resolved 1287, reused 0, downloaded 1284, added 521
Progress: resolved 1287, reused 0, downloaded 1284, added 522
Progress: resolved 1287, reused 0, downloaded 1284, added 523
Progress: resolved 1287, reused 0, downloaded 1284, added 524
Progress: resolved 1287, reused 0, downloaded 1284, added 525
Progress: resolved 1287, reused 0, downloaded 1284, added 526
Progress: resolved 1287, reused 0, downloaded 1284, added 527
Progress: resolved 1287, reused 0, downloaded 1284, added 528
Progress: resolved 1287, reused 0, downloaded 1284, added 529
Progress: resolved 1287, reused 0, downloaded 1284, added 530
Progress: resolved 1287, reused 0, downloaded 1284, added 531
Progress: resolved 1287, reused 0, downloaded 1284, added 532
Progress: resolved 1287, reused 0, downloaded 1284, added 534
Progress: resolved 1287, reused 0, downloaded 1284, added 535
Progress: resolved 1287, reused 0, downloaded 1284, added 537
Progress: resolved 1287, reused 0, downloaded 1284, added 538
Progress: resolved 1287, reused 0, downloaded 1284, added 539
Progress: resolved 1287, reused 0, downloaded 1284, added 540
Progress: resolved 1287, reused 0, downloaded 1284, added 541
Progress: resolved 1287, reused 0, downloaded 1284, added 542
Progress: resolved 1287, reused 0, downloaded 1284, added 543
Progress: resolved 1287, reused 0, downloaded 1284, added 544
Progress: resolved 1287, reused 0, downloaded 1284, added 547
Progress: resolved 1287, reused 0, downloaded 1284, added 548
Progress: resolved 1287, reused 0, downloaded 1284, added 549
Progress: resolved 1287, reused 0, downloaded 1284, added 550
Progress: resolved 1287, reused 0, downloaded 1284, added 552
Progress: resolved 1287, reused 0, downloaded 1284, added 554
Progress: resolved 1287, reused 0, downloaded 1284, added 555
Progress: resolved 1287, reused 0, downloaded 1284, added 556
Progress: resolved 1287, reused 0, downloaded 1284, added 558
Progress: resolved 1287, reused 0, downloaded 1284, added 559
Progress: resolved 1287, reused 0, downloaded 1284, added 561
Progress: resolved 1287, reused 0, downloaded 1284, added 563
Progress: resolved 1287, reused 0, downloaded 1284, added 565
Progress: resolved 1287, reused 0, downloaded 1284, added 566
Progress: resolved 1287, reused 0, downloaded 1284, added 567
Progress: resolved 1287, reused 0, downloaded 1284, added 568
Progress: resolved 1287, reused 0, downloaded 1284, added 571
Progress: resolved 1287, reused 0, downloaded 1284, added 572
Progress: resolved 1287, reused 0, downloaded 1284, added 573
Progress: resolved 1287, reused 0, downloaded 1284, added 574
Progress: resolved 1287, reused 0, downloaded 1284, added 576
Progress: resolved 1287, reused 0, downloaded 1284, added 577
Progress: resolved 1287, reused 0, downloaded 1284, added 578
Progress: resolved 1287, reused 0, downloaded 1284, added 579
Progress: resolved 1287, reused 0, downloaded 1284, added 581
Progress: resolved 1287, reused 0, downloaded 1284, added 583
Progress: resolved 1287, reused 0, downloaded 1284, added 584
Progress: resolved 1287, reused 0, downloaded 1284, added 585
Progress: resolved 1287, reused 0, downloaded 1284, added 587
Progress: resolved 1287, reused 0, downloaded 1284, added 588
Progress: resolved 1287, reused 0, downloaded 1284, added 589
Progress: resolved 1287, reused 0, downloaded 1284, added 591
Progress: resolved 1287, reused 0, downloaded 1284, added 593
Progress: resolved 1287, reused 0, downloaded 1284, added 594
Progress: resolved 1287, reused 0, downloaded 1284, added 595
Progress: resolved 1287, reused 0, downloaded 1284, added 597
Progress: resolved 1287, reused 0, downloaded 1284, added 598
Progress: resolved 1287, reused 0, downloaded 1284, added 600
Progress: resolved 1287, reused 0, downloaded 1284, added 601
Progress: resolved 1287, reused 0, downloaded 1284, added 602
Progress: resolved 1287, reused 0, downloaded 1284, added 603
Progress: resolved 1287, reused 0, downloaded 1284, added 605
Progress: resolved 1287, reused 0, downloaded 1284, added 606
Progress: resolved 1287, reused 0, downloaded 1284, added 607
Progress: resolved 1287, reused 0, downloaded 1284, added 608
Progress: resolved 1287, reused 0, downloaded 1284, added 609
Progress: resolved 1287, reused 0, downloaded 1284, added 610
Progress: resolved 1287, reused 0, downloaded 1284, added 611
Progress: resolved 1287, reused 0, downloaded 1284, added 612
Progress: resolved 1287, reused 0, downloaded 1284, added 613
Progress: resolved 1287, reused 0, downloaded 1284, added 614
Progress: resolved 1287, reused 0, downloaded 1284, added 615
Progress: resolved 1287, reused 0, downloaded 1284, added 617
Progress: resolved 1287, reused 0, downloaded 1284, added 620
Progress: resolved 1287, reused 0, downloaded 1284, added 621
Progress: resolved 1287, reused 0, downloaded 1284, added 622
Progress: resolved 1287, reused 0, downloaded 1284, added 623
Progress: resolved 1287, reused 0, downloaded 1284, added 624
Progress: resolved 1287, reused 0, downloaded 1284, added 625
Progress: resolved 1287, reused 0, downloaded 1284, added 626
Progress: resolved 1287, reused 0, downloaded 1284, added 628
Progress: resolved 1287, reused 0, downloaded 1284, added 629
Progress: resolved 1287, reused 0, downloaded 1284, added 630
Progress: resolved 1287, reused 0, downloaded 1284, added 631
Progress: resolved 1287, reused 0, downloaded 1284, added 633
Progress: resolved 1287, reused 0, downloaded 1284, added 634
Progress: resolved 1287, reused 0, downloaded 1284, added 635
Progress: resolved 1287, reused 0, downloaded 1284, added 636
Progress: resolved 1287, reused 0, downloaded 1284, added 638
Progress: resolved 1287, reused 0, downloaded 1284, added 640
Progress: resolved 1287, reused 0, downloaded 1284, added 641
Progress: resolved 1287, reused 0, downloaded 1284, added 642
Progress: resolved 1287, reused 0, downloaded 1284, added 643
Progress: resolved 1287, reused 0, downloaded 1284, added 644
Progress: resolved 1287, reused 0, downloaded 1284, added 645
Progress: resolved 1287, reused 0, downloaded 1284, added 648
Progress: resolved 1287, reused 0, downloaded 1284, added 649
Progress: resolved 1287, reused 0, downloaded 1284, added 650
Progress: resolved 1287, reused 0, downloaded 1284, added 651
Progress: resolved 1287, reused 0, downloaded 1284, added 652
Progress: resolved 1287, reused 0, downloaded 1284, added 653
Progress: resolved 1287, reused 0, downloaded 1284, added 654
Progress: resolved 1287, reused 0, downloaded 1284, added 658
Progress: resolved 1287, reused 0, downloaded 1284, added 660
Progress: resolved 1287, reused 0, downloaded 1284, added 661
Progress: resolved 1287, reused 0, downloaded 1284, added 662
Progress: resolved 1287, reused 0, downloaded 1284, added 663
Progress: resolved 1287, reused 0, downloaded 1284, added 665
Progress: resolved 1287, reused 0, downloaded 1284, added 667
Progress: resolved 1287, reused 0, downloaded 1284, added 668
Progress: resolved 1287, reused 0, downloaded 1284, added 671
Progress: resolved 1287, reused 0, downloaded 1284, added 672
Progress: resolved 1287, reused 0, downloaded 1284, added 673
Progress: resolved 1287, reused 0, downloaded 1284, added 674
Progress: resolved 1287, reused 0, downloaded 1284, added 675
Progress: resolved 1287, reused 0, downloaded 1284, added 676
Progress: resolved 1287, reused 0, downloaded 1284, added 677
Progress: resolved 1287, reused 0, downloaded 1284, added 678
Progress: resolved 1287, reused 0, downloaded 1284, added 679
Progress: resolved 1287, reused 0, downloaded 1284, added 680
Progress: resolved 1287, reused 0, downloaded 1284, added 681
Progress: resolved 1287, reused 0, downloaded 1284, added 682
Progress: resolved 1287, reused 0, downloaded 1284, added 683
Progress: resolved 1287, reused 0, downloaded 1284, added 684
Progress: resolved 1287, reused 0, downloaded 1284, added 685
Progress: resolved 1287, reused 0, downloaded 1284, added 686
Progress: resolved 1287, reused 0, downloaded 1284, added 687
Progress: resolved 1287, reused 0, downloaded 1284, added 688
Progress: resolved 1287, reused 0, downloaded 1284, added 689
Progress: resolved 1287, reused 0, downloaded 1284, added 690
Progress: resolved 1287, reused 0, downloaded 1284, added 691
Progress: resolved 1287, reused 0, downloaded 1284, added 692
Progress: resolved 1287, reused 0, downloaded 1284, added 693
Progress: resolved 1287, reused 0, downloaded 1284, added 694
Progress: resolved 1287, reused 0, downloaded 1284, added 695
Progress: resolved 1287, reused 0, downloaded 1284, added 696
Progress: resolved 1287, reused 0, downloaded 1284, added 698
Progress: resolved 1287, reused 0, downloaded 1284, added 699
Progress: resolved 1287, reused 0, downloaded 1284, added 700
Progress: resolved 1287, reused 0, downloaded 1284, added 701
Progress: resolved 1287, reused 0, downloaded 1284, added 702
Progress: resolved 1287, reused 0, downloaded 1284, added 703
Progress: resolved 1287, reused 0, downloaded 1284, added 704
Progress: resolved 1287, reused 0, downloaded 1284, added 705
Progress: resolved 1287, reused 0, downloaded 1284, added 707
Progress: resolved 1287, reused 0, downloaded 1284, added 712
Progress: resolved 1287, reused 0, downloaded 1284, added 714
Progress: resolved 1287, reused 0, downloaded 1284, added 717
Progress: resolved 1287, reused 0, downloaded 1284, added 720
Progress: resolved 1287, reused 0, downloaded 1284, added 722
Progress: resolved 1287, reused 0, downloaded 1284, added 724
Progress: resolved 1287, reused 0, downloaded 1284, added 725
Progress: resolved 1287, reused 0, downloaded 1284, added 726
Progress: resolved 1287, reused 0, downloaded 1284, added 727
Progress: resolved 1287, reused 0, downloaded 1284, added 728
Progress: resolved 1287, reused 0, downloaded 1284, added 729
Progress: resolved 1287, reused 0, downloaded 1284, added 730
Progress: resolved 1287, reused 0, downloaded 1284, added 731
Progress: resolved 1287, reused 0, downloaded 1284, added 732
Progress: resolved 1287, reused 0, downloaded 1284, added 733
Progress: resolved 1287, reused 0, downloaded 1284, added 734
Progress: resolved 1287, reused 0, downloaded 1284, added 735
Progress: resolved 1287, reused 0, downloaded 1284, added 736
Progress: resolved 1287, reused 0, downloaded 1284, added 739
Progress: resolved 1287, reused 0, downloaded 1284, added 741
Progress: resolved 1287, reused 0, downloaded 1284, added 744
Progress: resolved 1287, reused 0, downloaded 1284, added 745
Progress: resolved 1287, reused 0, downloaded 1284, added 746
Progress: resolved 1287, reused 0, downloaded 1284, added 748
Progress: resolved 1287, reused 0, downloaded 1284, added 750
Progress: resolved 1287, reused 0, downloaded 1284, added 751
Progress: resolved 1287, reused 0, downloaded 1284, added 752
Progress: resolved 1287, reused 0, downloaded 1284, added 753
Progress: resolved 1287, reused 0, downloaded 1284, added 754
Progress: resolved 1287, reused 0, downloaded 1284, added 756
Progress: resolved 1287, reused 0, downloaded 1284, added 758
Progress: resolved 1287, reused 0, downloaded 1284, added 759
Progress: resolved 1287, reused 0, downloaded 1284, added 760
Progress: resolved 1287, reused 0, downloaded 1284, added 761
Progress: resolved 1287, reused 0, downloaded 1284, added 762
Progress: resolved 1287, reused 0, downloaded 1284, added 763
Progress: resolved 1287, reused 0, downloaded 1284, added 764
Progress: resolved 1287, reused 0, downloaded 1284, added 765
Progress: resolved 1287, reused 0, downloaded 1284, added 766
Progress: resolved 1287, reused 0, downloaded 1284, added 768
Progress: resolved 1287, reused 0, downloaded 1284, added 769
Progress: resolved 1287, reused 0, downloaded 1284, added 770
Progress: resolved 1287, reused 0, downloaded 1284, added 771
Progress: resolved 1287, reused 0, downloaded 1284, added 772
Progress: resolved 1287, reused 0, downloaded 1284, added 774
Progress: resolved 1287, reused 0, downloaded 1284, added 775
Progress: resolved 1287, reused 0, downloaded 1284, added 776
Progress: resolved 1287, reused 0, downloaded 1284, added 777
Progress: resolved 1287, reused 0, downloaded 1284, added 778
Progress: resolved 1287, reused 0, downloaded 1284, added 779
Progress: resolved 1287, reused 0, downloaded 1284, added 780
Progress: resolved 1287, reused 0, downloaded 1284, added 783
Progress: resolved 1287, reused 0, downloaded 1284, added 784
Progress: resolved 1287, reused 0, downloaded 1284, added 786
Progress: resolved 1287, reused 0, downloaded 1284, added 788
Progress: resolved 1287, reused 0, downloaded 1284, added 789
Progress: resolved 1287, reused 0, downloaded 1284, added 790
Progress: resolved 1287, reused 0, downloaded 1284, added 792
Progress: resolved 1287, reused 0, downloaded 1284, added 795
Progress: resolved 1287, reused 0, downloaded 1284, added 798
Progress: resolved 1287, reused 0, downloaded 1284, added 800
Progress: resolved 1287, reused 0, downloaded 1284, added 802
Progress: resolved 1287, reused 0, downloaded 1284, added 806
Progress: resolved 1287, reused 0, downloaded 1284, added 807
Progress: resolved 1287, reused 0, downloaded 1284, added 808
Progress: resolved 1287, reused 0, downloaded 1284, added 809
Progress: resolved 1287, reused 0, downloaded 1284, added 810
Progress: resolved 1287, reused 0, downloaded 1284, added 811
Progress: resolved 1287, reused 0, downloaded 1284, added 812
Progress: resolved 1287, reused 0, downloaded 1284, added 814
Progress: resolved 1287, reused 0, downloaded 1284, added 815
Progress: resolved 1287, reused 0, downloaded 1284, added 816
Progress: resolved 1287, reused 0, downloaded 1284, added 817
Progress: resolved 1287, reused 0, downloaded 1284, added 819
Progress: resolved 1287, reused 0, downloaded 1284, added 820
Progress: resolved 1287, reused 0, downloaded 1284, added 821
Progress: resolved 1287, reused 0, downloaded 1284, added 822
Progress: resolved 1287, reused 0, downloaded 1284, added 823
Progress: resolved 1287, reused 0, downloaded 1284, added 824
Progress: resolved 1287, reused 0, downloaded 1284, added 827
Progress: resolved 1287, reused 0, downloaded 1284, added 833
Progress: resolved 1287, reused 0, downloaded 1284, added 836
Progress: resolved 1287, reused 0, downloaded 1284, added 839
Progress: resolved 1287, reused 0, downloaded 1284, added 840
Progress: resolved 1287, reused 0, downloaded 1284, added 843
Progress: resolved 1287, reused 0, downloaded 1284, added 844
Progress: resolved 1287, reused 0, downloaded 1284, added 847
Progress: resolved 1287, reused 0, downloaded 1284, added 848
Progress: resolved 1287, reused 0, downloaded 1284, added 849
Progress: resolved 1287, reused 0, downloaded 1284, added 850
Progress: resolved 1287, reused 0, downloaded 1284, added 851
Progress: resolved 1287, reused 0, downloaded 1284, added 854
Progress: resolved 1287, reused 0, downloaded 1284, added 855
Progress: resolved 1287, reused 0, downloaded 1284, added 859
Progress: resolved 1287, reused 0, downloaded 1284, added 860
Progress: resolved 1287, reused 0, downloaded 1284, added 861
Progress: resolved 1287, reused 0, downloaded 1284, added 865
Progress: resolved 1287, reused 0, downloaded 1284, added 866
Progress: resolved 1287, reused 0, downloaded 1284, added 867
Progress: resolved 1287, reused 0, downloaded 1284, added 869
Progress: resolved 1287, reused 0, downloaded 1284, added 870
Progress: resolved 1287, reused 0, downloaded 1284, added 871
Progress: resolved 1287, reused 0, downloaded 1284, added 873
Progress: resolved 1287, reused 0, downloaded 1284, added 875
Progress: resolved 1287, reused 0, downloaded 1284, added 876
Progress: resolved 1287, reused 0, downloaded 1284, added 877
Progress: resolved 1287, reused 0, downloaded 1284, added 880
Progress: resolved 1287, reused 0, downloaded 1284, added 881
Progress: resolved 1287, reused 0, downloaded 1284, added 882
Progress: resolved 1287, reused 0, downloaded 1284, added 883
Progress: resolved 1287, reused 0, downloaded 1284, added 884
Progress: resolved 1287, reused 0, downloaded 1284, added 885
Progress: resolved 1287, reused 0, downloaded 1284, added 887
Progress: resolved 1287, reused 0, downloaded 1284, added 889
Progress: resolved 1287, reused 0, downloaded 1284, added 890
Progress: resolved 1287, reused 0, downloaded 1284, added 892
Progress: resolved 1287, reused 0, downloaded 1284, added 893
Progress: resolved 1287, reused 0, downloaded 1284, added 894
Progress: resolved 1287, reused 0, downloaded 1284, added 896
Progress: resolved 1287, reused 0, downloaded 1284, added 897
Progress: resolved 1287, reused 0, downloaded 1284, added 898
Progress: resolved 1287, reused 0, downloaded 1284, added 899
Progress: resolved 1287, reused 0, downloaded 1284, added 900
Progress: resolved 1287, reused 0, downloaded 1284, added 901
Progress: resolved 1287, reused 0, downloaded 1284, added 902
Progress: resolved 1287, reused 0, downloaded 1284, added 904
Progress: resolved 1287, reused 0, downloaded 1284, added 908
Progress: resolved 1287, reused 0, downloaded 1284, added 909
Progress: resolved 1287, reused 0, downloaded 1284, added 910
Progress: resolved 1287, reused 0, downloaded 1284, added 911
Progress: resolved 1287, reused 0, downloaded 1284, added 912
Progress: resolved 1287, reused 0, downloaded 1284, added 913
Progress: resolved 1287, reused 0, downloaded 1284, added 914
Progress: resolved 1287, reused 0, downloaded 1284, added 915
Progress: resolved 1287, reused 0, downloaded 1284, added 917
Progress: resolved 1287, reused 0, downloaded 1284, added 918
Progress: resolved 1287, reused 0, downloaded 1284, added 919
Progress: resolved 1287, reused 0, downloaded 1284, added 920
Progress: resolved 1287, reused 0, downloaded 1284, added 921
Progress: resolved 1287, reused 0, downloaded 1284, added 922
Progress: resolved 1287, reused 0, downloaded 1284, added 923
Progress: resolved 1287, reused 0, downloaded 1284, added 924
Progress: resolved 1287, reused 0, downloaded 1284, added 925
Progress: resolved 1287, reused 0, downloaded 1284, added 926
Progress: resolved 1287, reused 0, downloaded 1284, added 927
Progress: resolved 1287, reused 0, downloaded 1284, added 928
Progress: resolved 1287, reused 0, downloaded 1284, added 929
Progress: resolved 1287, reused 0, downloaded 1284, added 930
Progress: resolved 1287, reused 0, downloaded 1284, added 932
Progress: resolved 1287, reused 0, downloaded 1284, added 934
Progress: resolved 1287, reused 0, downloaded 1284, added 936
Progress: resolved 1287, reused 0, downloaded 1284, added 940
Progress: resolved 1287, reused 0, downloaded 1284, added 943
Progress: resolved 1287, reused 0, downloaded 1284, added 944
Progress: resolved 1287, reused 0, downloaded 1284, added 946
Progress: resolved 1287, reused 0, downloaded 1284, added 947
Progress: resolved 1287, reused 0, downloaded 1284, added 951
Progress: resolved 1287, reused 0, downloaded 1284, added 953
Progress: resolved 1287, reused 0, downloaded 1284, added 954
Progress: resolved 1287, reused 0, downloaded 1284, added 957
Progress: resolved 1287, reused 0, downloaded 1284, added 958
Progress: resolved 1287, reused 0, downloaded 1284, added 962
Progress: resolved 1287, reused 0, downloaded 1284, added 965
Progress: resolved 1287, reused 0, downloaded 1284, added 967
Progress: resolved 1287, reused 0, downloaded 1284, added 968
Progress: resolved 1287, reused 0, downloaded 1284, added 970
Progress: resolved 1287, reused 0, downloaded 1284, added 971
Progress: resolved 1287, reused 0, downloaded 1284, added 972
Progress: resolved 1287, reused 0, downloaded 1284, added 975
Progress: resolved 1287, reused 0, downloaded 1284, added 977
Progress: resolved 1287, reused 0, downloaded 1284, added 978
Progress: resolved 1287, reused 0, downloaded 1284, added 982
Progress: resolved 1287, reused 0, downloaded 1284, added 983
Progress: resolved 1287, reused 0, downloaded 1284, added 985
Progress: resolved 1287, reused 0, downloaded 1284, added 986
Progress: resolved 1287, reused 0, downloaded 1284, added 987
Progress: resolved 1287, reused 0, downloaded 1284, added 988
Progress: resolved 1287, reused 0, downloaded 1284, added 990
Progress: resolved 1287, reused 0, downloaded 1284, added 992
Progress: resolved 1287, reused 0, downloaded 1284, added 993
Progress: resolved 1287, reused 0, downloaded 1284, added 994
Progress: resolved 1287, reused 0, downloaded 1284, added 995
Progress: resolved 1287, reused 0, downloaded 1284, added 996
Progress: resolved 1287, reused 0, downloaded 1284, added 997
Progress: resolved 1287, reused 0, downloaded 1284, added 998
Progress: resolved 1287, reused 0, downloaded 1284, added 999
Progress: resolved 1287, reused 0, downloaded 1284, added 1000
Progress: resolved 1287, reused 0, downloaded 1284, added 1001
Progress: resolved 1287, reused 0, downloaded 1284, added 1002
Progress: resolved 1287, reused 0, downloaded 1284, added 1003
Progress: resolved 1287, reused 0, downloaded 1284, added 1004
Progress: resolved 1287, reused 0, downloaded 1284, added 1005
Progress: resolved 1287, reused 0, downloaded 1284, added 1006
Progress: resolved 1287, reused 0, downloaded 1284, added 1007
Progress: resolved 1287, reused 0, downloaded 1284, added 1008
Progress: resolved 1287, reused 0, downloaded 1284, added 1009
Progress: resolved 1287, reused 0, downloaded 1284, added 1010
Progress: resolved 1287, reused 0, downloaded 1284, added 1011
Progress: resolved 1287, reused 0, downloaded 1284, added 1012
Progress: resolved 1287, reused 0, downloaded 1284, added 1013
Progress: resolved 1287, reused 0, downloaded 1284, added 1016
Progress: resolved 1287, reused 0, downloaded 1284, added 1017
Progress: resolved 1287, reused 0, downloaded 1284, added 1019
Progress: resolved 1287, reused 0, downloaded 1284, added 1021
Progress: resolved 1287, reused 0, downloaded 1284, added 1023
Progress: resolved 1287, reused 0, downloaded 1284, added 1024
Progress: resolved 1287, reused 0, downloaded 1284, added 1026
Progress: resolved 1287, reused 0, downloaded 1284, added 1028
Progress: resolved 1287, reused 0, downloaded 1284, added 1030
Progress: resolved 1287, reused 0, downloaded 1284, added 1032
Progress: resolved 1287, reused 0, downloaded 1284, added 1033
Progress: resolved 1287, reused 0, downloaded 1284, added 1034
Progress: resolved 1287, reused 0, downloaded 1284, added 1037
Progress: resolved 1287, reused 0, downloaded 1284, added 1038
Progress: resolved 1287, reused 0, downloaded 1284, added 1039
Progress: resolved 1287, reused 0, downloaded 1284, added 1040
Progress: resolved 1287, reused 0, downloaded 1284, added 1041
Progress: resolved 1287, reused 0, downloaded 1284, added 1042
Progress: resolved 1287, reused 0, downloaded 1284, added 1043
Progress: resolved 1287, reused 0, downloaded 1284, added 1045
Progress: resolved 1287, reused 0, downloaded 1284, added 1047
Progress: resolved 1287, reused 0, downloaded 1284, added 1048
Progress: resolved 1287, reused 0, downloaded 1284, added 1050
Progress: resolved 1287, reused 0, downloaded 1284, added 1051
Progress: resolved 1287, reused 0, downloaded 1284, added 1054
Progress: resolved 1287, reused 0, downloaded 1284, added 1055
Progress: resolved 1287, reused 0, downloaded 1284, added 1056
Progress: resolved 1287, reused 0, downloaded 1284, added 1057
Progress: resolved 1287, reused 0, downloaded 1284, added 1058
Progress: resolved 1287, reused 0, downloaded 1284, added 1059
Progress: resolved 1287, reused 0, downloaded 1284, added 1060
Progress: resolved 1287, reused 0, downloaded 1284, added 1061
Progress: resolved 1287, reused 0, downloaded 1284, added 1063
Progress: resolved 1287, reused 0, downloaded 1284, added 1064
Progress: resolved 1287, reused 0, downloaded 1284, added 1065
Progress: resolved 1287, reused 0, downloaded 1284, added 1066
Progress: resolved 1287, reused 0, downloaded 1284, added 1068
Progress: resolved 1287, reused 0, downloaded 1284, added 1069
Progress: resolved 1287, reused 0, downloaded 1284, added 1070
Progress: resolved 1287, reused 0, downloaded 1284, added 1072
Progress: resolved 1287, reused 0, downloaded 1284, added 1073
Progress: resolved 1287, reused 0, downloaded 1284, added 1074
Progress: resolved 1287, reused 0, downloaded 1284, added 1075
Progress: resolved 1287, reused 0, downloaded 1284, added 1077
Progress: resolved 1287, reused 0, downloaded 1284, added 1078
Progress: resolved 1287, reused 0, downloaded 1284, added 1080
Progress: resolved 1287, reused 0, downloaded 1284, added 1081
Progress: resolved 1287, reused 0, downloaded 1284, added 1083
Progress: resolved 1287, reused 0, downloaded 1284, added 1085
Progress: resolved 1287, reused 0, downloaded 1284, added 1088
Progress: resolved 1287, reused 0, downloaded 1284, added 1089
Progress: resolved 1287, reused 0, downloaded 1284, added 1091
Progress: resolved 1287, reused 0, downloaded 1284, added 1094
Progress: resolved 1287, reused 0, downloaded 1284, added 1096
Progress: resolved 1287, reused 0, downloaded 1284, added 1098
Progress: resolved 1287, reused 0, downloaded 1284, added 1099
Progress: resolved 1287, reused 0, downloaded 1284, added 1100
Progress: resolved 1287, reused 0, downloaded 1284, added 1101
Progress: resolved 1287, reused 0, downloaded 1284, added 1102
Progress: resolved 1287, reused 0, downloaded 1284, added 1104
Progress: resolved 1287, reused 0, downloaded 1284, added 1105
Progress: resolved 1287, reused 0, downloaded 1284, added 1107
Progress: resolved 1287, reused 0, downloaded 1284, added 1109
Progress: resolved 1287, reused 0, downloaded 1284, added 1110
Progress: resolved 1287, reused 0, downloaded 1284, added 1111
Progress: resolved 1287, reused 0, downloaded 1284, added 1113
Progress: resolved 1287, reused 0, downloaded 1284, added 1114
Progress: resolved 1287, reused 0, downloaded 1284, added 1115
Progress: resolved 1287, reused 0, downloaded 1284, added 1117
Progress: resolved 1287, reused 0, downloaded 1284, added 1119
Progress: resolved 1287, reused 0, downloaded 1284, added 1121
Progress: resolved 1287, reused 0, downloaded 1284, added 1122
Progress: resolved 1287, reused 0, downloaded 1284, added 1123
Progress: resolved 1287, reused 0, downloaded 1284, added 1125
Progress: resolved 1287, reused 0, downloaded 1284, added 1127
Progress: resolved 1287, reused 0, downloaded 1284, added 1128
Progress: resolved 1287, reused 0, downloaded 1284, added 1129
Progress: resolved 1287, reused 0, downloaded 1284, added 1131
Progress: resolved 1287, reused 0, downloaded 1284, added 1133
Progress: resolved 1287, reused 0, downloaded 1284, added 1135
Progress: resolved 1287, reused 0, downloaded 1284, added 1137
Progress: resolved 1287, reused 0, downloaded 1284, added 1138
Progress: resolved 1287, reused 0, downloaded 1284, added 1140
Progress: resolved 1287, reused 0, downloaded 1284, added 1142
Progress: resolved 1287, reused 0, downloaded 1284, added 1143
Progress: resolved 1287, reused 0, downloaded 1284, added 1144
Progress: resolved 1287, reused 0, downloaded 1284, added 1145
Progress: resolved 1287, reused 0, downloaded 1284, added 1146
Progress: resolved 1287, reused 0, downloaded 1284, added 1147
Progress: resolved 1287, reused 0, downloaded 1284, added 1148
Progress: resolved 1287, reused 0, downloaded 1284, added 1150
Progress: resolved 1287, reused 0, downloaded 1284, added 1151
Progress: resolved 1287, reused 0, downloaded 1284, added 1152
Progress: resolved 1287, reused 0, downloaded 1284, added 1153
Progress: resolved 1287, reused 0, downloaded 1284, added 1154
Progress: resolved 1287, reused 0, downloaded 1284, added 1155
Progress: resolved 1287, reused 0, downloaded 1284, added 1157
Progress: resolved 1287, reused 0, downloaded 1284, added 1159
Progress: resolved 1287, reused 0, downloaded 1284, added 1160
Progress: resolved 1287, reused 0, downloaded 1284, added 1161
Progress: resolved 1287, reused 0, downloaded 1284, added 1162
Progress: resolved 1287, reused 0, downloaded 1284, added 1164
Progress: resolved 1287, reused 0, downloaded 1284, added 1165
Progress: resolved 1287, reused 0, downloaded 1284, added 1168
Progress: resolved 1287, reused 0, downloaded 1284, added 1170
Progress: resolved 1287, reused 0, downloaded 1284, added 1171
Progress: resolved 1287, reused 0, downloaded 1284, added 1172
Progress: resolved 1287, reused 0, downloaded 1284, added 1175
Progress: resolved 1287, reused 0, downloaded 1284, added 1176
Progress: resolved 1287, reused 0, downloaded 1284, added 1177
Progress: resolved 1287, reused 0, downloaded 1284, added 1178
Progress: resolved 1287, reused 0, downloaded 1284, added 1179
Progress: resolved 1287, reused 0, downloaded 1284, added 1180
Progress: resolved 1287, reused 0, downloaded 1284, added 1182
Progress: resolved 1287, reused 0, downloaded 1284, added 1184
Progress: resolved 1287, reused 0, downloaded 1284, added 1188
Progress: resolved 1287, reused 0, downloaded 1284, added 1191
Progress: resolved 1287, reused 0, downloaded 1284, added 1195
Progress: resolved 1287, reused 0, downloaded 1284, added 1196
Progress: resolved 1287, reused 0, downloaded 1284, added 1199
Progress: resolved 1287, reused 0, downloaded 1284, added 1202
Progress: resolved 1287, reused 0, downloaded 1284, added 1203
Progress: resolved 1287, reused 0, downloaded 1284, added 1204
Progress: resolved 1287, reused 0, downloaded 1284, added 1205
Progress: resolved 1287, reused 0, downloaded 1284, added 1206
Progress: resolved 1287, reused 0, downloaded 1284, added 1208
Progress: resolved 1287, reused 0, downloaded 1284, added 1209
Progress: resolved 1287, reused 0, downloaded 1284, added 1211
Progress: resolved 1287, reused 0, downloaded 1284, added 1212
Progress: resolved 1287, reused 0, downloaded 1284, added 1213
Progress: resolved 1287, reused 0, downloaded 1284, added 1214
Progress: resolved 1287, reused 0, downloaded 1284, added 1215
Progress: resolved 1287, reused 0, downloaded 1284, added 1218
Progress: resolved 1287, reused 0, downloaded 1284, added 1220
Progress: resolved 1287, reused 0, downloaded 1284, added 1223
Progress: resolved 1287, reused 0, downloaded 1284, added 1224
Progress: resolved 1287, reused 0, downloaded 1284, added 1226
Progress: resolved 1287, reused 0, downloaded 1284, added 1227
Progress: resolved 1287, reused 0, downloaded 1284, added 1228
Progress: resolved 1287, reused 0, downloaded 1284, added 1230
Progress: resolved 1287, reused 0, downloaded 1284, added 1231
Progress: resolved 1287, reused 0, downloaded 1284, added 1232
Progress: resolved 1287, reused 0, downloaded 1284, added 1234
Progress: resolved 1287, reused 0, downloaded 1284, added 1236
Progress: resolved 1287, reused 0, downloaded 1284, added 1237
Progress: resolved 1287, reused 0, downloaded 1284, added 1238
Progress: resolved 1287, reused 0, downloaded 1284, added 1240
Progress: resolved 1287, reused 0, downloaded 1284, added 1241
Progress: resolved 1287, reused 0, downloaded 1284, added 1245
Progress: resolved 1287, reused 0, downloaded 1284, added 1246
Progress: resolved 1287, reused 0, downloaded 1284, added 1247
Progress: resolved 1287, reused 0, downloaded 1284, added 1248
Progress: resolved 1287, reused 0, downloaded 1284, added 1249
Progress: resolved 1287, reused 0, downloaded 1284, added 1250
Progress: resolved 1287, reused 0, downloaded 1284, added 1251
Progress: resolved 1287, reused 0, downloaded 1284, added 1252
Progress: resolved 1287, reused 0, downloaded 1284, added 1253
Progress: resolved 1287, reused 0, downloaded 1284, added 1254
Progress: resolved 1287, reused 0, downloaded 1284, added 1255
Progress: resolved 1287, reused 0, downloaded 1284, added 1256
Progress: resolved 1287, reused 0, downloaded 1284, added 1259
Progress: resolved 1287, reused 0, downloaded 1284, added 1262
Progress: resolved 1287, reused 0, downloaded 1284, added 1265
Progress: resolved 1287, reused 0, downloaded 1284, added 1266
Progress: resolved 1287, reused 0, downloaded 1284, added 1267
Progress: resolved 1287, reused 0, downloaded 1284, added 1268
Progress: resolved 1287, reused 0, downloaded 1284, added 1269
Progress: resolved 1287, reused 0, downloaded 1284, added 1270
Progress: resolved 1287, reused 0, downloaded 1284, added 1271
Progress: resolved 1287, reused 0, downloaded 1284, added 1272
Progress: resolved 1287, reused 0, downloaded 1284, added 1273
Progress: resolved 1287, reused 0, downloaded 1284, added 1274
Progress: resolved 1287, reused 0, downloaded 1284, added 1275
Progress: resolved 1287, reused 0, downloaded 1284, added 1276
Progress: resolved 1287, reused 0, downloaded 1284, added 1277
Progress: resolved 1287, reused 0, downloaded 1284, added 1278
Progress: resolved 1287, reused 0, downloaded 1284, added 1279
Progress: resolved 1287, reused 0, downloaded 1284, added 1280
Progress: resolved 1287, reused 0, downloaded 1284, added 1281
Progress: resolved 1287, reused 0, downloaded 1284, added 1282
Progress: resolved 1287, reused 0, downloaded 1284, added 1283
Progress: resolved 1287, reused 0, downloaded 1284, added 1284
Progress: resolved 1287, reused 0, downloaded 1284, added 1285
Progress: resolved 1287, reused 0, downloaded 1284, added 1286
Progress: resolved 1287, reused 0, downloaded 1284, added 1287
 ERR_PNPM_EISDIR  [symlinkAllModules] EISDIR: illegal operation on a directory, symlink 'E:\Accomplish\accomplish_Wrapper\LOCAL\SRIM-UI\accomplish_Transformed_Chaithanya\accomplish-react_\node_modules\.pnpm\@eslint-community+eslint-ut_13abd57b1c6248003c5267f14178c94d\node_modules\@eslint-community\eslint-utils' -> 'E:\Accomplish\accomplish_Wrapper\LOCAL\SRIM-UI\accomplish_Transformed_Chaithanya\accomplish-react_\node_modules\.pnpm\eslint@9.39.2_jiti@1.21.7\node_modules\@eslint-community\eslint-utils'
